<?xml version="1.0" encoding="UTF-8"?>
<!-- Generated by org.testng.reporters.JUnitReportReporter -->
<testsuite skipped="1" hostname="VINITH" name="test.EbayDataProviderExcelReader_10" tests="4" failures="0" timestamp="2021-08-04T07:37:21 IST" time="8.912" errors="0">
  <testcase name="windowSettings" time="2.653" classname="test.EbayDataProviderExcelReader_10"/>
  <system-out/>
  <testcase name="navigateURL" time="6.070" classname="test.EbayDataProviderExcelReader_10"/>
  <system-out/>
  <testcase name="getPageInfo" time="0.189" classname="test.EbayDataProviderExcelReader_10"/>
  <system-out/>
  <testcase name="searchProduct" time="0.000" classname="test.EbayDataProviderExcelReader_10">
    <skipped/>
  </testcase> <!-- searchProduct -->
  <system-out/>
</testsuite> <!-- test.EbayDataProviderExcelReader_10 -->
