<?xml version="1.0" encoding="UTF-8"?>
<!-- Generated by org.testng.reporters.JUnitReportReporter -->
<testsuite skipped="0" hostname="VINITH" name="test.EbayCrossBrowserParameter_8" tests="8" failures="0" timestamp="2021-08-01T13:41:59 IST" time="111.929" errors="0">
  <testcase name="windowSettings" time="0.384" classname="test.EbayCrossBrowserParameter_8"/>
  <system-out/>
  <testcase name="windowSettings" time="1.163" classname="test.EbayCrossBrowserParameter_8"/>
  <system-out/>
  <testcase name="navigateURL" time="27.969" classname="test.EbayCrossBrowserParameter_8"/>
  <system-out/>
  <testcase name="navigateURL" time="12.010" classname="test.EbayCrossBrowserParameter_8"/>
  <system-out/>
  <testcase name="getPageInfo" time="0.501" classname="test.EbayCrossBrowserParameter_8"/>
  <system-out/>
  <testcase name="getPageInfo" time="0.091" classname="test.EbayCrossBrowserParameter_8"/>
  <system-out/>
  <testcase name="searchProduct" time="33.310" classname="test.EbayCrossBrowserParameter_8"/>
  <system-out/>
  <testcase name="searchProduct" time="36.501" classname="test.EbayCrossBrowserParameter_8"/>
  <system-out/>
</testsuite> <!-- test.EbayCrossBrowserParameter_8 -->
